2026-03-08 14:02:06.611 [info] Reading sessions from keychain...
2026-03-08 14:02:06.611 [info] Getting sessions for all scopes...
2026-03-08 14:02:06.611 [info] Got 0 sessions for ...
2026-03-08 14:02:06.612 [info] Getting sessions for all scopes...
2026-03-08 14:02:06.612 [info] Got 0 sessions for ...
2026-03-08 14:02:06.612 [info] Getting sessions for all scopes...
2026-03-08 14:02:06.612 [info] Got 0 sessions for ...
2026-03-08 14:02:06.612 [info] Getting sessions for all scopes...
2026-03-08 14:02:06.612 [info] Got 0 sessions for ...
2026-03-08 14:02:06.612 [info] Getting sessions for all scopes...
2026-03-08 14:02:06.612 [info] Got 0 sessions for ...
2026-03-08 14:02:39.360 [info] Reading sessions from keychain...
2026-03-08 14:02:39.361 [info] Getting sessions for all scopes...
2026-03-08 14:02:39.361 [info] Got 0 sessions for ...
2026-03-08 14:02:39.361 [info] Getting sessions for all scopes...
2026-03-08 14:02:39.361 [info] Got 0 sessions for ...
2026-03-08 14:02:39.361 [info] Getting sessions for all scopes...
2026-03-08 14:02:39.361 [info] Got 0 sessions for ...
2026-03-08 14:02:39.361 [info] Getting sessions for all scopes...
2026-03-08 14:02:39.361 [info] Got 0 sessions for ...
2026-03-08 14:02:39.361 [info] Getting sessions for all scopes...
2026-03-08 14:02:39.361 [info] Got 0 sessions for ...
2026-03-08 14:02:39.361 [info] Getting sessions for repo,workflow...
2026-03-08 14:02:39.361 [info] Got 0 sessions for repo,workflow...
2026-03-08 14:02:39.888 [info] Getting sessions for repo,workflow...
2026-03-08 14:02:39.889 [info] Got 0 sessions for repo,workflow...
2026-03-08 14:02:39.921 [info] Getting sessions for repo,workflow...
2026-03-08 14:02:39.922 [info] Got 0 sessions for repo,workflow...
2026-03-08 14:02:39.928 [info] Getting sessions for repo,workflow...
2026-03-08 14:02:39.928 [info] Got 0 sessions for repo,workflow...
2026-03-08 14:02:40.926 [info] Getting sessions for read:user,repo,user:email,workflow...
2026-03-08 14:02:40.926 [info] Got 0 sessions for read:user,repo,user:email,workflow...
