2026-03-08 14:02:07.348 [info] [main] Log level: Info
2026-03-08 14:02:07.348 [info] [main] Validating found git in: "git"
2026-03-08 14:02:07.348 [info] [main] Using git "2.43.5" from "git"
2026-03-08 14:02:07.348 [info] [Model][doInitialScan] Initial repository scan started
2026-03-08 14:02:07.348 [info] [Model][doInitialScan] Initial repository scan completed - repositories (0), closed repositories (0), parent repositories (0), unsafe repositories (0)
2026-03-08 14:02:39.484 [info] [main] Log level: Info
2026-03-08 14:02:39.500 [info] [main] Validating found git in: "git"
2026-03-08 14:02:39.508 [info] [main] Using git "2.43.5" from "git"
2026-03-08 14:02:39.508 [info] [Model][doInitialScan] Initial repository scan started
2026-03-08 14:02:39.546 [info] > git rev-parse --show-toplevel [167ms]
2026-03-08 14:02:40.040 [info] > git rev-parse --git-dir --git-common-dir --show-superproject-working-tree [173ms]
2026-03-08 14:02:40.212 [info] [Model][openRepository] Opened repository (path): /root/my_project/github-action-first-repo
2026-03-08 14:02:40.212 [info] [Model][openRepository] Opened repository (real path): /root/my_project/github-action-first-repo
2026-03-08 14:02:40.212 [info] [Model][openRepository] Opened repository (kind): submodule
2026-03-08 14:02:40.359 [info] > git rev-parse --show-toplevel [62ms]
2026-03-08 14:02:40.362 [info] > git config --get commit.template [110ms]
2026-03-08 14:02:40.429 [info] > git rev-parse --show-toplevel [39ms]
2026-03-08 14:02:40.466 [info] [Model][doInitialScan] Initial repository scan completed - repositories (1), closed repositories (0), parent repositories (0), unsafe repositories (0)
2026-03-08 14:02:40.484 [info] > git for-each-ref --format=%(refname)%00%(upstream:short)%00%(objectname)%00%(upstream:track)%00%(upstream:remotename)%00%(upstream:remoteref) refs/heads/main refs/remotes/main [59ms]
2026-03-08 14:02:40.591 [info] > git for-each-ref --sort -committerdate --format %(refname)%00%(objectname)%00%(*objectname) [27ms]
2026-03-08 14:02:40.607 [info] > git status -z -uall [103ms]
2026-03-08 14:02:40.810 [info] > git for-each-ref --format=%(refname)%00%(upstream:short)%00%(objectname)%00%(upstream:track)%00%(upstream:remotename)%00%(upstream:remoteref) refs/heads/main refs/remotes/main [109ms]
2026-03-08 14:02:40.879 [info] > git config --get --local branch.main.vscode-merge-base [42ms]
2026-03-08 14:02:40.880 [warning] [Git][config] git config failed: Failed to execute git
2026-03-08 14:02:40.891 [info] > git config --get commit.template [84ms]
2026-03-08 14:02:40.941 [info] > git check-ignore -v -z --stdin [24ms]
2026-03-08 14:02:40.951 [info] > git reflog main --grep-reflog=branch: Created from *. [61ms]
2026-03-08 14:02:41.078 [info] > git symbolic-ref --short refs/remotes/origin/HEAD [70ms]
2026-03-08 14:02:41.110 [info] > git for-each-ref --format=%(refname)%00%(upstream:short)%00%(objectname)%00%(upstream:track)%00%(upstream:remotename)%00%(upstream:remoteref) refs/heads/main refs/remotes/main [61ms]
2026-03-08 14:02:41.181 [info] > git for-each-ref --format=%(refname)%00%(upstream:short)%00%(objectname)%00%(upstream:track)%00%(upstream:remotename)%00%(upstream:remoteref) refs/heads/origin/main refs/remotes/origin/main [85ms]
2026-03-08 14:02:41.221 [info] > git status -z -uall [72ms]
2026-03-08 14:02:41.246 [info] > git for-each-ref --sort -committerdate --format %(refname)%00%(objectname)%00%(*objectname) [68ms]
2026-03-08 14:02:41.327 [info] > git config --add --local branch.main.vscode-merge-base origin/main [110ms]
2026-03-08 14:02:41.495 [info] > git config --get commit.template [109ms]
2026-03-08 14:02:41.751 [info] > git for-each-ref --format=%(refname)%00%(upstream:short)%00%(objectname)%00%(upstream:track)%00%(upstream:remotename)%00%(upstream:remoteref) refs/heads/main refs/remotes/main [131ms]
2026-03-08 14:02:41.850 [info] > git status -z -uall [59ms]
2026-03-08 14:02:41.858 [info] > git for-each-ref --sort -committerdate --format %(refname)%00%(objectname)%00%(*objectname) [28ms]
2026-03-08 14:02:41.924 [info] > git merge-base refs/heads/main refs/remotes/origin/main [16ms]
2026-03-08 14:02:41.942 [info] > git merge-base refs/heads/main refs/remotes/origin/main [53ms]
2026-03-08 14:02:41.961 [info] > git diff --raw --numstat --diff-filter=ADMR -z --find-renames=50% 261d7fb76363469ff01fc6f769dc2271b863e054...refs/remotes/origin/main -- [22ms]
2026-03-08 14:02:41.994 [info] > git diff --raw --numstat --diff-filter=ADMR -z --find-renames=50% 261d7fb76363469ff01fc6f769dc2271b863e054...refs/remotes/origin/main -- [40ms]
2026-03-08 14:02:50.728 [info] > git config --get commit.template [18ms]
2026-03-08 14:02:50.739 [info] > git for-each-ref --format=%(refname)%00%(upstream:short)%00%(objectname)%00%(upstream:track)%00%(upstream:remotename)%00%(upstream:remoteref) refs/heads/main refs/remotes/main [14ms]
2026-03-08 14:02:50.785 [info] > git status -z -uall [35ms]
2026-03-08 14:02:50.792 [info] > git for-each-ref --sort -committerdate --format %(refname)%00%(objectname)%00%(*objectname) [27ms]
2026-03-08 14:02:55.884 [info] > git config --get commit.template [17ms]
2026-03-08 14:02:55.898 [info] > git for-each-ref --format=%(refname)%00%(upstream:short)%00%(objectname)%00%(upstream:track)%00%(upstream:remotename)%00%(upstream:remoteref) refs/heads/main refs/remotes/main [17ms]
2026-03-08 14:02:55.970 [info] > git status -z -uall [60ms]
2026-03-08 14:02:55.970 [info] > git for-each-ref --sort -committerdate --format %(refname)%00%(objectname)%00%(*objectname) [47ms]
2026-03-08 14:03:02.116 [info] > git config --get commit.template [16ms]
2026-03-08 14:03:02.128 [info] > git for-each-ref --format=%(refname)%00%(upstream:short)%00%(objectname)%00%(upstream:track)%00%(upstream:remotename)%00%(upstream:remoteref) refs/heads/main refs/remotes/main [16ms]
2026-03-08 14:03:02.165 [info] > git status -z -uall [26ms]
2026-03-08 14:03:02.176 [info] > git for-each-ref --sort -committerdate --format %(refname)%00%(objectname)%00%(*objectname) [23ms]
2026-03-08 14:03:28.255 [info] > git config --get commit.template [17ms]
2026-03-08 14:03:28.267 [info] > git for-each-ref --format=%(refname)%00%(upstream:short)%00%(objectname)%00%(upstream:track)%00%(upstream:remotename)%00%(upstream:remoteref) refs/heads/main refs/remotes/main [16ms]
2026-03-08 14:03:28.310 [info] > git status -z -uall [30ms]
2026-03-08 14:03:28.322 [info] > git for-each-ref --sort -committerdate --format %(refname)%00%(objectname)%00%(*objectname) [29ms]
2026-03-08 14:03:50.534 [info] > git config --get commit.template [21ms]
2026-03-08 14:03:50.547 [info] > git for-each-ref --format=%(refname)%00%(upstream:short)%00%(objectname)%00%(upstream:track)%00%(upstream:remotename)%00%(upstream:remoteref) refs/heads/main refs/remotes/main [16ms]
2026-03-08 14:03:50.591 [info] > git status -z -uall [29ms]
2026-03-08 14:03:50.596 [info] > git for-each-ref --sort -committerdate --format %(refname)%00%(objectname)%00%(*objectname) [22ms]
2026-03-08 14:04:10.794 [info] > git config --get commit.template [16ms]
2026-03-08 14:04:10.809 [info] > git for-each-ref --format=%(refname)%00%(upstream:short)%00%(objectname)%00%(upstream:track)%00%(upstream:remotename)%00%(upstream:remoteref) refs/heads/main refs/remotes/main [18ms]
2026-03-08 14:04:10.850 [info] > git status -z -uall [30ms]
2026-03-08 14:04:10.858 [info] > git for-each-ref --sort -committerdate --format %(refname)%00%(objectname)%00%(*objectname) [25ms]
2026-03-08 14:04:15.926 [info] > git config --get commit.template [20ms]
2026-03-08 14:04:15.941 [info] > git for-each-ref --format=%(refname)%00%(upstream:short)%00%(objectname)%00%(upstream:track)%00%(upstream:remotename)%00%(upstream:remoteref) refs/heads/main refs/remotes/main [18ms]
2026-03-08 14:04:15.984 [info] > git status -z -uall [31ms]
2026-03-08 14:04:15.984 [info] > git for-each-ref --sort -committerdate --format %(refname)%00%(objectname)%00%(*objectname) [20ms]
2026-03-08 14:04:27.624 [info] > git check-ignore -v -z --stdin [464ms]
2026-03-08 14:04:27.957 [info] > git check-ignore -v -z --stdin [70ms]
2026-03-08 14:04:28.019 [info] > git show --textconv :.github/workflows/python_matrix.yml [28ms]
2026-03-08 14:04:28.072 [info] > git ls-files --stage -- .github/workflows/python_matrix.yml [59ms]
2026-03-08 14:04:28.107 [info] > git hash-object -t tree /dev/null [70ms]
2026-03-08 14:04:28.109 [warning] [GitFileSystemProvider][readFile] File not found - git:/root/my_project/github-action-first-repo/.github/workflows/python_matrix.yml.git?%7B%22path%22%3A%22%2Froot%2Fmy_project%2Fgithub-action-first-repo%2F.github%2Fworkflows%2Fpython_matrix.yml%22%2C%22ref%22%3A%22%22%7D
2026-03-08 14:04:28.149 [info] > git hash-object -t tree /dev/null [48ms]
2026-03-08 14:04:28.149 [warning] [GitFileSystemProvider][stat] File not found - git:/root/my_project/github-action-first-repo/.github/workflows/python_matrix.yml.git?%7B%22path%22%3A%22%2Froot%2Fmy_project%2Fgithub-action-first-repo%2F.github%2Fworkflows%2Fpython_matrix.yml%22%2C%22ref%22%3A%22%22%7D
2026-03-08 14:04:29.331 [info] > git config --get commit.template [15ms]
2026-03-08 14:04:29.383 [info] > git for-each-ref --format=%(refname)%00%(upstream:short)%00%(objectname)%00%(upstream:track)%00%(upstream:remotename)%00%(upstream:remoteref) refs/heads/main refs/remotes/main [41ms]
2026-03-08 14:04:29.435 [info] > git for-each-ref --sort -committerdate --format %(refname)%00%(objectname)%00%(*objectname) [17ms]
2026-03-08 14:04:29.454 [info] > git status -z -uall [53ms]
2026-03-08 14:04:39.383 [info] > git config --get commit.template [16ms]
2026-03-08 14:04:39.431 [info] > git for-each-ref --format=%(refname)%00%(upstream:short)%00%(objectname)%00%(upstream:track)%00%(upstream:remotename)%00%(upstream:remoteref) refs/heads/main refs/remotes/main [51ms]
2026-03-08 14:04:39.488 [info] > git for-each-ref --sort -committerdate --format %(refname)%00%(objectname)%00%(*objectname) [30ms]
2026-03-08 14:04:39.565 [info] > git status -z -uall [121ms]
2026-03-08 14:04:44.656 [info] > git config --get commit.template [18ms]
2026-03-08 14:04:44.670 [info] > git for-each-ref --format=%(refname)%00%(upstream:short)%00%(objectname)%00%(upstream:track)%00%(upstream:remotename)%00%(upstream:remoteref) refs/heads/main refs/remotes/main [17ms]
2026-03-08 14:04:44.716 [info] > git status -z -uall [28ms]
2026-03-08 14:04:44.726 [info] > git for-each-ref --sort -committerdate --format %(refname)%00%(objectname)%00%(*objectname) [26ms]
2026-03-08 14:04:49.781 [info] > git config --get commit.template [15ms]
2026-03-08 14:04:49.795 [info] > git for-each-ref --format=%(refname)%00%(upstream:short)%00%(objectname)%00%(upstream:track)%00%(upstream:remotename)%00%(upstream:remoteref) refs/heads/main refs/remotes/main [16ms]
2026-03-08 14:04:49.915 [info] > git for-each-ref --sort -committerdate --format %(refname)%00%(objectname)%00%(*objectname) [71ms]
2026-03-08 14:04:49.965 [info] > git status -z -uall [159ms]
2026-03-08 14:04:55.044 [info] > git config --get commit.template [25ms]
2026-03-08 14:04:55.053 [info] > git for-each-ref --format=%(refname)%00%(upstream:short)%00%(objectname)%00%(upstream:track)%00%(upstream:remotename)%00%(upstream:remoteref) refs/heads/main refs/remotes/main [17ms]
2026-03-08 14:04:55.094 [info] > git status -z -uall [31ms]
2026-03-08 14:04:55.097 [info] > git for-each-ref --sort -committerdate --format %(refname)%00%(objectname)%00%(*objectname) [22ms]
2026-03-08 14:05:00.234 [info] > git config --get commit.template [81ms]
2026-03-08 14:05:00.322 [info] > git for-each-ref --format=%(refname)%00%(upstream:short)%00%(objectname)%00%(upstream:track)%00%(upstream:remotename)%00%(upstream:remoteref) refs/heads/main refs/remotes/main [103ms]
2026-03-08 14:05:00.402 [info] > git for-each-ref --sort -committerdate --format %(refname)%00%(objectname)%00%(*objectname) [29ms]
2026-03-08 14:05:00.420 [info] > git status -z -uall [59ms]
2026-03-08 14:05:05.464 [info] > git config --get commit.template [15ms]
2026-03-08 14:05:05.494 [info] > git for-each-ref --format=%(refname)%00%(upstream:short)%00%(objectname)%00%(upstream:track)%00%(upstream:remotename)%00%(upstream:remoteref) refs/heads/main refs/remotes/main [20ms]
2026-03-08 14:05:05.556 [info] > git for-each-ref --sort -committerdate --format %(refname)%00%(objectname)%00%(*objectname) [37ms]
2026-03-08 14:05:05.640 [info] > git status -z -uall [135ms]
2026-03-08 14:05:10.695 [info] > git config --get commit.template [21ms]
2026-03-08 14:05:10.706 [info] > git for-each-ref --format=%(refname)%00%(upstream:short)%00%(objectname)%00%(upstream:track)%00%(upstream:remotename)%00%(upstream:remoteref) refs/heads/main refs/remotes/main [14ms]
2026-03-08 14:05:10.751 [info] > git status -z -uall [33ms]
2026-03-08 14:05:10.754 [info] > git for-each-ref --sort -committerdate --format %(refname)%00%(objectname)%00%(*objectname) [26ms]
2026-03-08 14:05:15.806 [info] > git config --get commit.template [15ms]
2026-03-08 14:05:15.818 [info] > git for-each-ref --format=%(refname)%00%(upstream:short)%00%(objectname)%00%(upstream:track)%00%(upstream:remotename)%00%(upstream:remoteref) refs/heads/main refs/remotes/main [15ms]
2026-03-08 14:05:15.860 [info] > git status -z -uall [29ms]
2026-03-08 14:05:15.864 [info] > git for-each-ref --sort -committerdate --format %(refname)%00%(objectname)%00%(*objectname) [22ms]
2026-03-08 14:05:20.964 [info] > git config --get commit.template [37ms]
2026-03-08 14:05:20.975 [info] > git for-each-ref --format=%(refname)%00%(upstream:short)%00%(objectname)%00%(upstream:track)%00%(upstream:remotename)%00%(upstream:remoteref) refs/heads/main refs/remotes/main [15ms]
2026-03-08 14:05:21.014 [info] > git status -z -uall [26ms]
2026-03-08 14:05:21.020 [info] > git for-each-ref --sort -committerdate --format %(refname)%00%(objectname)%00%(*objectname) [21ms]
2026-03-08 14:05:29.354 [info] > git config --get commit.template [23ms]
2026-03-08 14:05:29.366 [info] > git for-each-ref --format=%(refname)%00%(upstream:short)%00%(objectname)%00%(upstream:track)%00%(upstream:remotename)%00%(upstream:remoteref) refs/heads/main refs/remotes/main [15ms]
2026-03-08 14:05:29.472 [info] > git for-each-ref --sort -committerdate --format %(refname)%00%(objectname)%00%(*objectname) [82ms]
2026-03-08 14:05:29.501 [info] > git status -z -uall [123ms]
2026-03-08 14:05:34.603 [info] > git config --get commit.template [25ms]
2026-03-08 14:05:34.610 [info] > git for-each-ref --format=%(refname)%00%(upstream:short)%00%(objectname)%00%(upstream:track)%00%(upstream:remotename)%00%(upstream:remoteref) refs/heads/main refs/remotes/main [15ms]
2026-03-08 14:05:34.650 [info] > git status -z -uall [27ms]
2026-03-08 14:05:34.657 [info] > git for-each-ref --sort -committerdate --format %(refname)%00%(objectname)%00%(*objectname) [23ms]
2026-03-08 14:05:41.116 [info] > git config --get commit.template [46ms]
2026-03-08 14:05:41.119 [info] > git for-each-ref --format=%(refname)%00%(upstream:short)%00%(objectname)%00%(upstream:track)%00%(upstream:remotename)%00%(upstream:remoteref) refs/heads/main refs/remotes/main [34ms]
2026-03-08 14:05:41.160 [info] > git status -z -uall [29ms]
2026-03-08 14:05:41.168 [info] > git for-each-ref --sort -committerdate --format %(refname)%00%(objectname)%00%(*objectname) [25ms]
2026-03-08 14:05:46.242 [info] > git config --get commit.template [21ms]
2026-03-08 14:05:46.342 [info] > git for-each-ref --format=%(refname)%00%(upstream:short)%00%(objectname)%00%(upstream:track)%00%(upstream:remotename)%00%(upstream:remoteref) refs/heads/main refs/remotes/main [104ms]
2026-03-08 14:05:46.508 [info] > git for-each-ref --sort -committerdate --format %(refname)%00%(objectname)%00%(*objectname) [52ms]
2026-03-08 14:05:46.536 [info] > git status -z -uall [153ms]
2026-03-08 14:05:51.633 [info] > git config --get commit.template [18ms]
2026-03-08 14:05:51.677 [info] > git for-each-ref --format=%(refname)%00%(upstream:short)%00%(objectname)%00%(upstream:track)%00%(upstream:remotename)%00%(upstream:remoteref) refs/heads/main refs/remotes/main [51ms]
2026-03-08 14:05:51.723 [info] > git for-each-ref --sort -committerdate --format %(refname)%00%(objectname)%00%(*objectname) [23ms]
2026-03-08 14:05:51.727 [info] > git status -z -uall [38ms]
2026-03-08 14:05:56.835 [info] > git config --get commit.template [23ms]
2026-03-08 14:05:56.847 [info] > git for-each-ref --format=%(refname)%00%(upstream:short)%00%(objectname)%00%(upstream:track)%00%(upstream:remotename)%00%(upstream:remoteref) refs/heads/main refs/remotes/main [17ms]
2026-03-08 14:05:56.893 [info] > git status -z -uall [32ms]
2026-03-08 14:05:56.909 [info] > git for-each-ref --sort -committerdate --format %(refname)%00%(objectname)%00%(*objectname) [33ms]
2026-03-08 14:06:28.036 [info] > git config --get commit.template [17ms]
2026-03-08 14:06:28.061 [info] > git for-each-ref --format=%(refname)%00%(upstream:short)%00%(objectname)%00%(upstream:track)%00%(upstream:remotename)%00%(upstream:remoteref) refs/heads/main refs/remotes/main [29ms]
2026-03-08 14:06:28.119 [info] > git for-each-ref --sort -committerdate --format %(refname)%00%(objectname)%00%(*objectname) [14ms]
2026-03-08 14:06:28.129 [info] > git status -z -uall [48ms]
2026-03-08 14:06:33.179 [info] > git config --get commit.template [16ms]
2026-03-08 14:06:33.194 [info] > git for-each-ref --format=%(refname)%00%(upstream:short)%00%(objectname)%00%(upstream:track)%00%(upstream:remotename)%00%(upstream:remoteref) refs/heads/main refs/remotes/main [18ms]
2026-03-08 14:06:33.239 [info] > git status -z -uall [33ms]
2026-03-08 14:06:33.244 [info] > git for-each-ref --sort -committerdate --format %(refname)%00%(objectname)%00%(*objectname) [25ms]
2026-03-08 14:06:48.694 [info] > git config --get commit.template [47ms]
2026-03-08 14:06:48.718 [info] > git for-each-ref --format=%(refname)%00%(upstream:short)%00%(objectname)%00%(upstream:track)%00%(upstream:remotename)%00%(upstream:remoteref) refs/heads/main refs/remotes/main [41ms]
2026-03-08 14:06:48.776 [info] > git for-each-ref --sort -committerdate --format %(refname)%00%(objectname)%00%(*objectname) [21ms]
2026-03-08 14:06:48.786 [info] > git status -z -uall [51ms]
2026-03-08 14:06:53.919 [info] > git config --get commit.template [84ms]
2026-03-08 14:06:53.949 [info] > git for-each-ref --format=%(refname)%00%(upstream:short)%00%(objectname)%00%(upstream:track)%00%(upstream:remotename)%00%(upstream:remoteref) refs/heads/main refs/remotes/main [73ms]
2026-03-08 14:06:54.093 [info] > git status -z -uall [116ms]
2026-03-08 14:06:54.097 [info] > git for-each-ref --sort -committerdate --format %(refname)%00%(objectname)%00%(*objectname) [72ms]
2026-03-08 14:06:59.177 [info] > git config --get commit.template [20ms]
2026-03-08 14:06:59.208 [info] > git for-each-ref --format=%(refname)%00%(upstream:short)%00%(objectname)%00%(upstream:track)%00%(upstream:remotename)%00%(upstream:remoteref) refs/heads/main refs/remotes/main [21ms]
2026-03-08 14:06:59.253 [info] > git status -z -uall [31ms]
2026-03-08 14:06:59.260 [info] > git for-each-ref --sort -committerdate --format %(refname)%00%(objectname)%00%(*objectname) [27ms]
2026-03-08 14:07:04.323 [info] > git config --get commit.template [24ms]
2026-03-08 14:07:04.337 [info] > git for-each-ref --format=%(refname)%00%(upstream:short)%00%(objectname)%00%(upstream:track)%00%(upstream:remotename)%00%(upstream:remoteref) refs/heads/main refs/remotes/main [17ms]
2026-03-08 14:07:04.380 [info] > git status -z -uall [31ms]
2026-03-08 14:07:04.425 [info] > git for-each-ref --sort -committerdate --format %(refname)%00%(objectname)%00%(*objectname) [63ms]
2026-03-08 14:07:29.415 [info] > git config --get commit.template [37ms]
2026-03-08 14:07:29.433 [info] > git for-each-ref --format=%(refname)%00%(upstream:short)%00%(objectname)%00%(upstream:track)%00%(upstream:remotename)%00%(upstream:remoteref) refs/heads/main refs/remotes/main [31ms]
2026-03-08 14:07:29.476 [info] > git status -z -uall [28ms]
2026-03-08 14:07:29.483 [info] > git for-each-ref --sort -committerdate --format %(refname)%00%(objectname)%00%(*objectname) [20ms]
2026-03-08 14:07:34.542 [info] > git config --get commit.template [16ms]
2026-03-08 14:07:34.558 [info] > git for-each-ref --format=%(refname)%00%(upstream:short)%00%(objectname)%00%(upstream:track)%00%(upstream:remotename)%00%(upstream:remoteref) refs/heads/main refs/remotes/main [19ms]
2026-03-08 14:07:34.602 [info] > git status -z -uall [30ms]
2026-03-08 14:07:34.610 [info] > git for-each-ref --sort -committerdate --format %(refname)%00%(objectname)%00%(*objectname) [25ms]
2026-03-08 14:07:39.652 [info] > git config --get commit.template [11ms]
2026-03-08 14:07:39.680 [info] > git for-each-ref --format=%(refname)%00%(upstream:short)%00%(objectname)%00%(upstream:track)%00%(upstream:remotename)%00%(upstream:remoteref) refs/heads/main refs/remotes/main [14ms]
2026-03-08 14:07:39.724 [info] > git status -z -uall [28ms]
2026-03-08 14:07:39.731 [info] > git for-each-ref --sort -committerdate --format %(refname)%00%(objectname)%00%(*objectname) [23ms]
2026-03-08 14:07:44.806 [info] > git config --get commit.template [21ms]
2026-03-08 14:07:44.816 [info] > git for-each-ref --format=%(refname)%00%(upstream:short)%00%(objectname)%00%(upstream:track)%00%(upstream:remotename)%00%(upstream:remoteref) refs/heads/main refs/remotes/main [17ms]
2026-03-08 14:07:44.858 [info] > git status -z -uall [31ms]
2026-03-08 14:07:44.862 [info] > git for-each-ref --sort -committerdate --format %(refname)%00%(objectname)%00%(*objectname) [25ms]
2026-03-08 14:07:56.019 [info] > git config --get commit.template [17ms]
2026-03-08 14:07:56.032 [info] > git for-each-ref --format=%(refname)%00%(upstream:short)%00%(objectname)%00%(upstream:track)%00%(upstream:remotename)%00%(upstream:remoteref) refs/heads/main refs/remotes/main [16ms]
2026-03-08 14:07:56.074 [info] > git status -z -uall [31ms]
2026-03-08 14:07:56.083 [info] > git for-each-ref --sort -committerdate --format %(refname)%00%(objectname)%00%(*objectname) [28ms]
2026-03-08 14:08:01.142 [info] > git config --get commit.template [15ms]
2026-03-08 14:08:01.166 [info] > git for-each-ref --format=%(refname)%00%(upstream:short)%00%(objectname)%00%(upstream:track)%00%(upstream:remotename)%00%(upstream:remoteref) refs/heads/main refs/remotes/main [27ms]
2026-03-08 14:08:01.273 [info] > git for-each-ref --sort -committerdate --format %(refname)%00%(objectname)%00%(*objectname) [43ms]
2026-03-08 14:08:01.355 [info] > git status -z -uall [166ms]
2026-03-08 14:08:06.468 [info] > git config --get commit.template [36ms]
2026-03-08 14:08:06.477 [info] > git for-each-ref --format=%(refname)%00%(upstream:short)%00%(objectname)%00%(upstream:track)%00%(upstream:remotename)%00%(upstream:remoteref) refs/heads/main refs/remotes/main [14ms]
2026-03-08 14:08:06.521 [info] > git status -z -uall [33ms]
2026-03-08 14:08:06.526 [info] > git for-each-ref --sort -committerdate --format %(refname)%00%(objectname)%00%(*objectname) [21ms]
2026-03-08 14:08:11.589 [info] > git config --get commit.template [18ms]
2026-03-08 14:08:11.605 [info] > git for-each-ref --format=%(refname)%00%(upstream:short)%00%(objectname)%00%(upstream:track)%00%(upstream:remotename)%00%(upstream:remoteref) refs/heads/main refs/remotes/main [20ms]
2026-03-08 14:08:11.647 [info] > git status -z -uall [30ms]
2026-03-08 14:08:11.652 [info] > git for-each-ref --sort -committerdate --format %(refname)%00%(objectname)%00%(*objectname) [22ms]
2026-03-08 14:08:16.730 [info] > git config --get commit.template [30ms]
2026-03-08 14:08:16.765 [info] > git for-each-ref --format=%(refname)%00%(upstream:short)%00%(objectname)%00%(upstream:track)%00%(upstream:remotename)%00%(upstream:remoteref) refs/heads/main refs/remotes/main [39ms]
2026-03-08 14:08:16.806 [info] > git for-each-ref --sort -committerdate --format %(refname)%00%(objectname)%00%(*objectname) [16ms]
2026-03-08 14:08:16.815 [info] > git status -z -uall [37ms]
2026-03-08 14:08:21.882 [info] > git config --get commit.template [22ms]
2026-03-08 14:08:21.894 [info] > git for-each-ref --format=%(refname)%00%(upstream:short)%00%(objectname)%00%(upstream:track)%00%(upstream:remotename)%00%(upstream:remoteref) refs/heads/main refs/remotes/main [20ms]
2026-03-08 14:08:21.945 [info] > git for-each-ref --sort -committerdate --format %(refname)%00%(objectname)%00%(*objectname) [20ms]
2026-03-08 14:08:21.949 [info] > git status -z -uall [40ms]
2026-03-08 14:08:27.071 [info] > git config --get commit.template [59ms]
2026-03-08 14:08:27.078 [info] > git for-each-ref --format=%(refname)%00%(upstream:short)%00%(objectname)%00%(upstream:track)%00%(upstream:remotename)%00%(upstream:remoteref) refs/heads/main refs/remotes/main [44ms]
2026-03-08 14:08:27.126 [info] > git status -z -uall [32ms]
2026-03-08 14:08:27.131 [info] > git for-each-ref --sort -committerdate --format %(refname)%00%(objectname)%00%(*objectname) [22ms]
2026-03-08 14:08:32.212 [info] > git config --get commit.template [42ms]
2026-03-08 14:08:32.283 [info] > git for-each-ref --format=%(refname)%00%(upstream:short)%00%(objectname)%00%(upstream:track)%00%(upstream:remotename)%00%(upstream:remoteref) refs/heads/main refs/remotes/main [75ms]
2026-03-08 14:08:32.339 [info] > git status -z -uall [37ms]
2026-03-08 14:08:32.353 [info] > git for-each-ref --sort -committerdate --format %(refname)%00%(objectname)%00%(*objectname) [39ms]
2026-03-08 14:09:29.392 [info] > git config --get commit.template [24ms]
2026-03-08 14:09:29.405 [info] > git for-each-ref --format=%(refname)%00%(upstream:short)%00%(objectname)%00%(upstream:track)%00%(upstream:remotename)%00%(upstream:remoteref) refs/heads/main refs/remotes/main [22ms]
2026-03-08 14:09:29.450 [info] > git status -z -uall [29ms]
2026-03-08 14:09:29.457 [info] > git for-each-ref --sort -committerdate --format %(refname)%00%(objectname)%00%(*objectname) [23ms]
2026-03-08 14:09:34.508 [info] > git config --get commit.template [17ms]
2026-03-08 14:09:34.524 [info] > git for-each-ref --format=%(refname)%00%(upstream:short)%00%(objectname)%00%(upstream:track)%00%(upstream:remotename)%00%(upstream:remoteref) refs/heads/main refs/remotes/main [20ms]
2026-03-08 14:09:34.568 [info] > git status -z -uall [32ms]
2026-03-08 14:09:34.573 [info] > git for-each-ref --sort -committerdate --format %(refname)%00%(objectname)%00%(*objectname) [25ms]
2026-03-08 14:09:39.639 [info] > git config --get commit.template [17ms]
2026-03-08 14:09:39.647 [info] > git for-each-ref --format=%(refname)%00%(upstream:short)%00%(objectname)%00%(upstream:track)%00%(upstream:remotename)%00%(upstream:remoteref) refs/heads/main refs/remotes/main [13ms]
2026-03-08 14:09:39.690 [info] > git status -z -uall [29ms]
2026-03-08 14:09:39.692 [info] > git for-each-ref --sort -committerdate --format %(refname)%00%(objectname)%00%(*objectname) [21ms]
2026-03-08 14:09:44.749 [info] > git config --get commit.template [25ms]
2026-03-08 14:09:44.762 [info] > git for-each-ref --format=%(refname)%00%(upstream:short)%00%(objectname)%00%(upstream:track)%00%(upstream:remotename)%00%(upstream:remoteref) refs/heads/main refs/remotes/main [17ms]
2026-03-08 14:09:44.804 [info] > git status -z -uall [28ms]
2026-03-08 14:09:44.808 [info] > git for-each-ref --sort -committerdate --format %(refname)%00%(objectname)%00%(*objectname) [21ms]
2026-03-08 14:09:49.869 [info] > git config --get commit.template [17ms]
2026-03-08 14:09:49.880 [info] > git for-each-ref --format=%(refname)%00%(upstream:short)%00%(objectname)%00%(upstream:track)%00%(upstream:remotename)%00%(upstream:remoteref) refs/heads/main refs/remotes/main [17ms]
2026-03-08 14:09:49.924 [info] > git status -z -uall [30ms]
2026-03-08 14:09:49.934 [info] > git for-each-ref --sort -committerdate --format %(refname)%00%(objectname)%00%(*objectname) [24ms]
2026-03-08 14:09:54.982 [info] > git config --get commit.template [15ms]
2026-03-08 14:09:54.998 [info] > git for-each-ref --format=%(refname)%00%(upstream:short)%00%(objectname)%00%(upstream:track)%00%(upstream:remotename)%00%(upstream:remoteref) refs/heads/main refs/remotes/main [19ms]
2026-03-08 14:09:55.040 [info] > git status -z -uall [29ms]
2026-03-08 14:09:55.046 [info] > git for-each-ref --sort -committerdate --format %(refname)%00%(objectname)%00%(*objectname) [25ms]
2026-03-08 14:10:07.951 [info] > git config --get commit.template [20ms]
2026-03-08 14:10:07.961 [info] > git for-each-ref --format=%(refname)%00%(upstream:short)%00%(objectname)%00%(upstream:track)%00%(upstream:remotename)%00%(upstream:remoteref) refs/heads/main refs/remotes/main [18ms]
2026-03-08 14:10:08.004 [info] > git for-each-ref --sort -committerdate --format %(refname)%00%(objectname)%00%(*objectname) [19ms]
2026-03-08 14:10:08.007 [info] > git status -z -uall [34ms]
2026-03-08 14:10:29.392 [info] > git config --get commit.template [22ms]
2026-03-08 14:10:29.408 [info] > git for-each-ref --format=%(refname)%00%(upstream:short)%00%(objectname)%00%(upstream:track)%00%(upstream:remotename)%00%(upstream:remoteref) refs/heads/main refs/remotes/main [19ms]
2026-03-08 14:10:29.452 [info] > git for-each-ref --sort -committerdate --format %(refname)%00%(objectname)%00%(*objectname) [20ms]
2026-03-08 14:10:29.464 [info] > git status -z -uall [44ms]
2026-03-08 14:10:34.548 [info] > git config --get commit.template [25ms]
2026-03-08 14:10:34.559 [info] > git for-each-ref --format=%(refname)%00%(upstream:short)%00%(objectname)%00%(upstream:track)%00%(upstream:remotename)%00%(upstream:remoteref) refs/heads/main refs/remotes/main [16ms]
2026-03-08 14:10:34.603 [info] > git for-each-ref --sort -committerdate --format %(refname)%00%(objectname)%00%(*objectname) [23ms]
2026-03-08 14:10:34.614 [info] > git status -z -uall [44ms]
2026-03-08 14:10:39.662 [info] > git config --get commit.template [15ms]
2026-03-08 14:10:39.672 [info] > git for-each-ref --format=%(refname)%00%(upstream:short)%00%(objectname)%00%(upstream:track)%00%(upstream:remotename)%00%(upstream:remoteref) refs/heads/main refs/remotes/main [13ms]
2026-03-08 14:10:39.712 [info] > git status -z -uall [27ms]
2026-03-08 14:10:39.716 [info] > git for-each-ref --sort -committerdate --format %(refname)%00%(objectname)%00%(*objectname) [22ms]
2026-03-08 14:10:44.790 [info] > git config --get commit.template [28ms]
2026-03-08 14:10:44.796 [info] > git for-each-ref --format=%(refname)%00%(upstream:short)%00%(objectname)%00%(upstream:track)%00%(upstream:remotename)%00%(upstream:remoteref) refs/heads/main refs/remotes/main [14ms]
2026-03-08 14:10:44.836 [info] > git for-each-ref --sort -committerdate --format %(refname)%00%(objectname)%00%(*objectname) [16ms]
2026-03-08 14:10:44.841 [info] > git status -z -uall [34ms]
2026-03-08 14:10:49.914 [info] > git config --get commit.template [16ms]
2026-03-08 14:10:49.943 [info] > git for-each-ref --format=%(refname)%00%(upstream:short)%00%(objectname)%00%(upstream:track)%00%(upstream:remotename)%00%(upstream:remoteref) refs/heads/main refs/remotes/main [19ms]
2026-03-08 14:10:49.985 [info] > git status -z -uall [31ms]
2026-03-08 14:10:49.991 [info] > git for-each-ref --sort -committerdate --format %(refname)%00%(objectname)%00%(*objectname) [24ms]
2026-03-08 14:11:29.417 [info] > git config --get commit.template [34ms]
2026-03-08 14:11:29.430 [info] > git for-each-ref --format=%(refname)%00%(upstream:short)%00%(objectname)%00%(upstream:track)%00%(upstream:remotename)%00%(upstream:remoteref) refs/heads/main refs/remotes/main [21ms]
2026-03-08 14:11:29.477 [info] > git for-each-ref --sort -committerdate --format %(refname)%00%(objectname)%00%(*objectname) [21ms]
2026-03-08 14:11:29.490 [info] > git status -z -uall [45ms]
2026-03-08 14:11:57.496 [info] > git config --get commit.template [18ms]
2026-03-08 14:11:57.509 [info] > git for-each-ref --format=%(refname)%00%(upstream:short)%00%(objectname)%00%(upstream:track)%00%(upstream:remotename)%00%(upstream:remoteref) refs/heads/main refs/remotes/main [15ms]
2026-03-08 14:11:57.555 [info] > git status -z -uall [35ms]
2026-03-08 14:11:57.556 [info] > git for-each-ref --sort -committerdate --format %(refname)%00%(objectname)%00%(*objectname) [22ms]
2026-03-08 14:12:29.150 [info] > git config --get commit.template [22ms]
2026-03-08 14:12:29.161 [info] > git for-each-ref --format=%(refname)%00%(upstream:short)%00%(objectname)%00%(upstream:track)%00%(upstream:remotename)%00%(upstream:remoteref) refs/heads/main refs/remotes/main [18ms]
2026-03-08 14:12:29.205 [info] > git status -z -uall [32ms]
2026-03-08 14:12:29.206 [info] > git for-each-ref --sort -committerdate --format %(refname)%00%(objectname)%00%(*objectname) [21ms]
2026-03-08 14:12:55.279 [info] > git config --get commit.template [21ms]
2026-03-08 14:12:55.293 [info] > git for-each-ref --format=%(refname)%00%(upstream:short)%00%(objectname)%00%(upstream:track)%00%(upstream:remotename)%00%(upstream:remoteref) refs/heads/main refs/remotes/main [17ms]
2026-03-08 14:12:55.337 [info] > git status -z -uall [32ms]
2026-03-08 14:12:55.342 [info] > git for-each-ref --sort -committerdate --format %(refname)%00%(objectname)%00%(*objectname) [22ms]
2026-03-08 14:13:29.165 [info] > git config --get commit.template [17ms]
2026-03-08 14:13:29.177 [info] > git for-each-ref --format=%(refname)%00%(upstream:short)%00%(objectname)%00%(upstream:track)%00%(upstream:remotename)%00%(upstream:remoteref) refs/heads/main refs/remotes/main [15ms]
2026-03-08 14:13:29.224 [info] > git for-each-ref --sort -committerdate --format %(refname)%00%(objectname)%00%(*objectname) [17ms]
2026-03-08 14:13:29.231 [info] > git status -z -uall [41ms]
2026-03-08 14:16:04.276 [info] > git check-ignore -v -z --stdin [55ms]
2026-03-08 14:16:04.371 [info] > git show --textconv :.github/workflows/requirements.txt [68ms]
2026-03-08 14:16:04.384 [warning] [GitFileSystemProvider][readFile] File not found - git:/root/my_project/github-action-first-repo/.github/workflows/requirements.txt.git?%7B%22path%22%3A%22%2Froot%2Fmy_project%2Fgithub-action-first-repo%2F.github%2Fworkflows%2Frequirements.txt%22%2C%22ref%22%3A%22%22%7D
2026-03-08 14:16:04.395 [info] > git ls-files --stage -- .github/workflows/requirements.txt [70ms]
2026-03-08 14:16:04.401 [warning] [GitFileSystemProvider][stat] File not found - git:/root/my_project/github-action-first-repo/.github/workflows/requirements.txt.git?%7B%22path%22%3A%22%2Froot%2Fmy_project%2Fgithub-action-first-repo%2F.github%2Fworkflows%2Frequirements.txt%22%2C%22ref%22%3A%22%22%7D
2026-03-08 14:16:04.437 [info] > git check-ignore -v -z --stdin [79ms]
2026-03-08 14:16:05.488 [info] > git check-ignore -v -z --stdin [15ms]
2026-03-08 14:16:05.551 [info] > git blame --root --incremental 261d7fb76363469ff01fc6f769dc2271b863e054 -- .github/workflows/requirements.txt [25ms]
2026-03-08 14:16:05.551 [info] fatal: no such path .github/workflows/requirements.txt in 261d7fb76363469ff01fc6f769dc2271b863e054
2026-03-08 14:16:06.647 [info] > git check-ignore -v -z --stdin [15ms]
2026-03-08 14:16:07.301 [info] > git check-ignore -v -z --stdin [13ms]
2026-03-08 14:16:07.641 [info] > git check-ignore -v -z --stdin [12ms]
2026-03-08 14:16:09.018 [info] > git check-ignore -v -z --stdin [21ms]
2026-03-08 14:16:10.080 [info] > git check-ignore -v -z --stdin [13ms]
2026-03-08 14:16:11.291 [info] > git check-ignore -v -z --stdin [14ms]
2026-03-08 14:16:11.930 [info] > git check-ignore -v -z --stdin [41ms]
2026-03-08 14:16:12.109 [info] > git check-ignore -v -z --stdin [13ms]
2026-03-08 14:16:12.412 [info] > git check-ignore -v -z --stdin [12ms]
2026-03-08 14:16:13.364 [info] > git check-ignore -v -z --stdin [18ms]
2026-03-08 14:16:13.699 [info] > git check-ignore -v -z --stdin [15ms]
2026-03-08 14:19:17.091 [info] > git config --get commit.template [84ms]
2026-03-08 14:19:17.150 [info] > git for-each-ref --format=%(refname)%00%(upstream:short)%00%(objectname)%00%(upstream:track)%00%(upstream:remotename)%00%(upstream:remoteref) refs/heads/main refs/remotes/main [70ms]
2026-03-08 14:19:17.284 [info] > git for-each-ref --sort -committerdate --format %(refname)%00%(objectname)%00%(*objectname) [48ms]
2026-03-08 14:19:17.300 [info] > git status -z -uall [111ms]
2026-03-08 14:19:22.439 [info] > git config --get commit.template [45ms]
2026-03-08 14:19:22.441 [info] > git for-each-ref --format=%(refname)%00%(upstream:short)%00%(objectname)%00%(upstream:track)%00%(upstream:remotename)%00%(upstream:remoteref) refs/heads/main refs/remotes/main [25ms]
2026-03-08 14:19:22.491 [info] > git for-each-ref --sort -committerdate --format %(refname)%00%(objectname)%00%(*objectname) [23ms]
2026-03-08 14:19:22.495 [info] > git status -z -uall [41ms]
2026-03-08 14:19:29.979 [info] > git config --get commit.template [18ms]
2026-03-08 14:19:29.992 [info] > git for-each-ref --format=%(refname)%00%(upstream:short)%00%(objectname)%00%(upstream:track)%00%(upstream:remotename)%00%(upstream:remoteref) refs/heads/main refs/remotes/main [18ms]
2026-03-08 14:19:30.039 [info] > git for-each-ref --sort -committerdate --format %(refname)%00%(objectname)%00%(*objectname) [20ms]
2026-03-08 14:19:30.044 [info] > git status -z -uall [38ms]
2026-03-08 14:19:50.817 [info] > git check-ignore -v -z --stdin [100ms]
2026-03-08 14:19:50.873 [info] > git check-ignore -v -z --stdin [64ms]
2026-03-08 14:19:50.927 [info] > git show --textconv :.github/workflows/app.py [67ms]
2026-03-08 14:19:50.937 [warning] [GitFileSystemProvider][readFile] File not found - git:/root/my_project/github-action-first-repo/.github/workflows/app.py.git?%7B%22path%22%3A%22%2Froot%2Fmy_project%2Fgithub-action-first-repo%2F.github%2Fworkflows%2Fapp.py%22%2C%22ref%22%3A%22%22%7D
2026-03-08 14:19:50.951 [info] > git ls-files --stage -- .github/workflows/app.py [52ms]
2026-03-08 14:19:50.952 [warning] [GitFileSystemProvider][stat] File not found - git:/root/my_project/github-action-first-repo/.github/workflows/app.py.git?%7B%22path%22%3A%22%2Froot%2Fmy_project%2Fgithub-action-first-repo%2F.github%2Fworkflows%2Fapp.py%22%2C%22ref%22%3A%22%22%7D
2026-03-08 14:19:52.344 [info] > git config --get commit.template [15ms]
2026-03-08 14:19:52.358 [info] > git for-each-ref --format=%(refname)%00%(upstream:short)%00%(objectname)%00%(upstream:track)%00%(upstream:remotename)%00%(upstream:remoteref) refs/heads/main refs/remotes/main [17ms]
2026-03-08 14:19:52.400 [info] > git status -z -uall [30ms]
2026-03-08 14:19:52.403 [info] > git for-each-ref --sort -committerdate --format %(refname)%00%(objectname)%00%(*objectname) [22ms]
2026-03-08 14:20:12.317 [info] > git config --get commit.template [17ms]
2026-03-08 14:20:12.329 [info] > git for-each-ref --format=%(refname)%00%(upstream:short)%00%(objectname)%00%(upstream:track)%00%(upstream:remotename)%00%(upstream:remoteref) refs/heads/main refs/remotes/main [15ms]
2026-03-08 14:20:12.371 [info] > git status -z -uall [29ms]
2026-03-08 14:20:12.376 [info] > git for-each-ref --sort -committerdate --format %(refname)%00%(objectname)%00%(*objectname) [21ms]
2026-03-08 14:20:27.645 [info] > git config --get commit.template [15ms]
2026-03-08 14:20:27.659 [info] > git for-each-ref --format=%(refname)%00%(upstream:short)%00%(objectname)%00%(upstream:track)%00%(upstream:remotename)%00%(upstream:remoteref) refs/heads/main refs/remotes/main [17ms]
2026-03-08 14:20:27.711 [info] > git for-each-ref --sort -committerdate --format %(refname)%00%(objectname)%00%(*objectname) [22ms]
2026-03-08 14:20:27.726 [info] > git status -z -uall [50ms]
2026-03-08 14:20:32.780 [info] > git config --get commit.template [16ms]
2026-03-08 14:20:32.792 [info] > git for-each-ref --format=%(refname)%00%(upstream:short)%00%(objectname)%00%(upstream:track)%00%(upstream:remotename)%00%(upstream:remoteref) refs/heads/main refs/remotes/main [16ms]
2026-03-08 14:20:32.834 [info] > git status -z -uall [31ms]
2026-03-08 14:20:32.841 [info] > git for-each-ref --sort -committerdate --format %(refname)%00%(objectname)%00%(*objectname) [24ms]
2026-03-08 14:20:42.442 [info] > git config --get commit.template [45ms]
2026-03-08 14:20:42.450 [info] > git for-each-ref --format=%(refname)%00%(upstream:short)%00%(objectname)%00%(upstream:track)%00%(upstream:remotename)%00%(upstream:remoteref) refs/heads/main refs/remotes/main [22ms]
2026-03-08 14:20:42.493 [info] > git for-each-ref --sort -committerdate --format %(refname)%00%(objectname)%00%(*objectname) [21ms]
2026-03-08 14:20:42.529 [info] > git status -z -uall [69ms]
2026-03-08 14:20:54.429 [info] > git config --get commit.template [16ms]
2026-03-08 14:20:54.443 [info] > git for-each-ref --format=%(refname)%00%(upstream:short)%00%(objectname)%00%(upstream:track)%00%(upstream:remotename)%00%(upstream:remoteref) refs/heads/main refs/remotes/main [18ms]
2026-03-08 14:20:54.516 [info] > git status -z -uall [62ms]
2026-03-08 14:20:54.525 [info] > git for-each-ref --sort -committerdate --format %(refname)%00%(objectname)%00%(*objectname) [59ms]
2026-03-08 14:21:29.684 [info] > git config --get commit.template [17ms]
2026-03-08 14:21:29.695 [info] > git for-each-ref --format=%(refname)%00%(upstream:short)%00%(objectname)%00%(upstream:track)%00%(upstream:remotename)%00%(upstream:remoteref) refs/heads/main refs/remotes/main [14ms]
2026-03-08 14:21:29.734 [info] > git status -z -uall [28ms]
2026-03-08 14:21:29.739 [info] > git for-each-ref --sort -committerdate --format %(refname)%00%(objectname)%00%(*objectname) [22ms]
2026-03-08 14:22:29.680 [info] > git config --get commit.template [15ms]
2026-03-08 14:22:29.692 [info] > git for-each-ref --format=%(refname)%00%(upstream:short)%00%(objectname)%00%(upstream:track)%00%(upstream:remotename)%00%(upstream:remoteref) refs/heads/main refs/remotes/main [16ms]
2026-03-08 14:22:29.731 [info] > git status -z -uall [28ms]
2026-03-08 14:22:29.736 [info] > git for-each-ref --sort -committerdate --format %(refname)%00%(objectname)%00%(*objectname) [21ms]
2026-03-08 14:22:35.002 [info] > git check-ignore -v -z --stdin [65ms]
2026-03-08 14:22:35.510 [info] > git config --get commit.template [36ms]
2026-03-08 14:22:35.521 [info] > git for-each-ref --format=%(refname)%00%(upstream:short)%00%(objectname)%00%(upstream:track)%00%(upstream:remotename)%00%(upstream:remoteref) refs/heads/main refs/remotes/main [14ms]
2026-03-08 14:22:35.598 [info] > git for-each-ref --sort -committerdate --format %(refname)%00%(objectname)%00%(*objectname) [23ms]
2026-03-08 14:22:35.610 [info] > git status -z -uall [73ms]
2026-03-08 14:22:40.658 [info] > git config --get commit.template [17ms]
2026-03-08 14:22:40.671 [info] > git for-each-ref --format=%(refname)%00%(upstream:short)%00%(objectname)%00%(upstream:track)%00%(upstream:remotename)%00%(upstream:remoteref) refs/heads/main refs/remotes/main [16ms]
2026-03-08 14:22:40.755 [info] > git for-each-ref --sort -committerdate --format %(refname)%00%(objectname)%00%(*objectname) [61ms]
2026-03-08 14:22:40.766 [info] > git status -z -uall [84ms]
2026-03-08 14:22:46.760 [info] > git check-ignore -v -z --stdin [433ms]
2026-03-08 14:22:46.764 [info] > git config --get commit.template [99ms]
2026-03-08 14:22:46.817 [info] > git check-ignore -v -z --stdin [61ms]
2026-03-08 14:22:46.825 [info] > git for-each-ref --format=%(refname)%00%(upstream:short)%00%(objectname)%00%(upstream:track)%00%(upstream:remotename)%00%(upstream:remoteref) refs/heads/main refs/remotes/main [30ms]
2026-03-08 14:22:46.960 [info] > git show --textconv :.github/workflows/templates/index.html [121ms]
2026-03-08 14:22:46.963 [info] > git ls-files --stage -- .github/workflows/templates/index.html [98ms]
2026-03-08 14:22:46.966 [warning] [GitFileSystemProvider][stat] File not found - git:/root/my_project/github-action-first-repo/.github/workflows/templates/index.html.git?%7B%22path%22%3A%22%2Froot%2Fmy_project%2Fgithub-action-first-repo%2F.github%2Fworkflows%2Ftemplates%2Findex.html%22%2C%22ref%22%3A%22%22%7D
2026-03-08 14:22:46.969 [warning] [GitFileSystemProvider][readFile] File not found - git:/root/my_project/github-action-first-repo/.github/workflows/templates/index.html.git?%7B%22path%22%3A%22%2Froot%2Fmy_project%2Fgithub-action-first-repo%2F.github%2Fworkflows%2Ftemplates%2Findex.html%22%2C%22ref%22%3A%22%22%7D
2026-03-08 14:22:47.014 [info] > git for-each-ref --sort -committerdate --format %(refname)%00%(objectname)%00%(*objectname) [66ms]
2026-03-08 14:22:47.034 [info] > git status -z -uall [125ms]
2026-03-08 14:22:52.111 [info] > git config --get commit.template [15ms]
2026-03-08 14:22:52.122 [info] > git for-each-ref --format=%(refname)%00%(upstream:short)%00%(objectname)%00%(upstream:track)%00%(upstream:remotename)%00%(upstream:remoteref) refs/heads/main refs/remotes/main [14ms]
2026-03-08 14:22:52.184 [info] > git for-each-ref --sort -committerdate --format %(refname)%00%(objectname)%00%(*objectname) [23ms]
2026-03-08 14:22:52.199 [info] > git status -z -uall [65ms]
2026-03-08 14:22:57.248 [info] > git config --get commit.template [16ms]
2026-03-08 14:22:57.262 [info] > git for-each-ref --format=%(refname)%00%(upstream:short)%00%(objectname)%00%(upstream:track)%00%(upstream:remotename)%00%(upstream:remoteref) refs/heads/main refs/remotes/main [17ms]
2026-03-08 14:22:57.307 [info] > git status -z -uall [30ms]
2026-03-08 14:22:57.313 [info] > git for-each-ref --sort -committerdate --format %(refname)%00%(objectname)%00%(*objectname) [24ms]
2026-03-08 14:23:10.537 [info] > git config --get commit.template [84ms]
2026-03-08 14:23:10.570 [info] > git for-each-ref --format=%(refname)%00%(upstream:short)%00%(objectname)%00%(upstream:track)%00%(upstream:remotename)%00%(upstream:remoteref) refs/heads/main refs/remotes/main [57ms]
2026-03-08 14:23:10.685 [info] > git for-each-ref --sort -committerdate --format %(refname)%00%(objectname)%00%(*objectname) [63ms]
2026-03-08 14:23:10.734 [info] > git status -z -uall [147ms]
2026-03-08 14:23:15.831 [info] > git config --get commit.template [22ms]
2026-03-08 14:23:15.843 [info] > git for-each-ref --format=%(refname)%00%(upstream:short)%00%(objectname)%00%(upstream:track)%00%(upstream:remotename)%00%(upstream:remoteref) refs/heads/main refs/remotes/main [19ms]
2026-03-08 14:23:15.887 [info] > git status -z -uall [32ms]
2026-03-08 14:23:15.899 [info] > git for-each-ref --sort -committerdate --format %(refname)%00%(objectname)%00%(*objectname) [30ms]
2026-03-08 14:23:29.986 [info] > git config --get commit.template [20ms]
2026-03-08 14:23:30.004 [info] > git for-each-ref --format=%(refname)%00%(upstream:short)%00%(objectname)%00%(upstream:track)%00%(upstream:remotename)%00%(upstream:remoteref) refs/heads/main refs/remotes/main [23ms]
2026-03-08 14:23:30.048 [info] > git status -z -uall [32ms]
2026-03-08 14:23:30.052 [info] > git for-each-ref --sort -committerdate --format %(refname)%00%(objectname)%00%(*objectname) [22ms]
2026-03-08 14:23:52.486 [info] > git config --get commit.template [16ms]
2026-03-08 14:23:52.498 [info] > git for-each-ref --format=%(refname)%00%(upstream:short)%00%(objectname)%00%(upstream:track)%00%(upstream:remotename)%00%(upstream:remoteref) refs/heads/main refs/remotes/main [15ms]
2026-03-08 14:23:52.540 [info] > git status -z -uall [30ms]
2026-03-08 14:23:52.550 [info] > git for-each-ref --sort -committerdate --format %(refname)%00%(objectname)%00%(*objectname) [26ms]
2026-03-08 14:23:57.607 [info] > git config --get commit.template [16ms]
2026-03-08 14:23:57.635 [info] > git for-each-ref --format=%(refname)%00%(upstream:short)%00%(objectname)%00%(upstream:track)%00%(upstream:remotename)%00%(upstream:remoteref) refs/heads/main refs/remotes/main [30ms]
2026-03-08 14:23:57.682 [info] > git status -z -uall [31ms]
2026-03-08 14:23:57.689 [info] > git for-each-ref --sort -committerdate --format %(refname)%00%(objectname)%00%(*objectname) [23ms]
2026-03-08 14:24:25.743 [info] > git config --get commit.template [24ms]
2026-03-08 14:24:25.761 [info] > git for-each-ref --format=%(refname)%00%(upstream:short)%00%(objectname)%00%(upstream:track)%00%(upstream:remotename)%00%(upstream:remoteref) refs/heads/main refs/remotes/main [23ms]
2026-03-08 14:24:25.802 [info] > git status -z -uall [30ms]
2026-03-08 14:24:25.815 [info] > git for-each-ref --sort -committerdate --format %(refname)%00%(objectname)%00%(*objectname) [31ms]
2026-03-08 14:24:30.863 [info] > git config --get commit.template [14ms]
2026-03-08 14:24:30.890 [info] > git for-each-ref --format=%(refname)%00%(upstream:short)%00%(objectname)%00%(upstream:track)%00%(upstream:remotename)%00%(upstream:remoteref) refs/heads/main refs/remotes/main [16ms]
2026-03-08 14:24:30.933 [info] > git status -z -uall [31ms]
2026-03-08 14:24:30.938 [info] > git for-each-ref --sort -committerdate --format %(refname)%00%(objectname)%00%(*objectname) [25ms]
2026-03-08 14:24:36.010 [info] > git config --get commit.template [8ms]
2026-03-08 14:24:36.034 [info] > git for-each-ref --format=%(refname)%00%(upstream:short)%00%(objectname)%00%(upstream:track)%00%(upstream:remotename)%00%(upstream:remoteref) refs/heads/main refs/remotes/main [12ms]
2026-03-08 14:24:36.074 [info] > git for-each-ref --sort -committerdate --format %(refname)%00%(objectname)%00%(*objectname) [16ms]
2026-03-08 14:24:36.084 [info] > git status -z -uall [37ms]
2026-03-08 14:24:42.372 [info] > git config --get commit.template [21ms]
2026-03-08 14:24:42.382 [info] > git for-each-ref --format=%(refname)%00%(upstream:short)%00%(objectname)%00%(upstream:track)%00%(upstream:remotename)%00%(upstream:remoteref) refs/heads/main refs/remotes/main [17ms]
2026-03-08 14:24:42.425 [info] > git status -z -uall [31ms]
2026-03-08 14:24:42.425 [info] > git for-each-ref --sort -committerdate --format %(refname)%00%(objectname)%00%(*objectname) [17ms]
2026-03-08 14:24:47.470 [info] > git config --get commit.template [16ms]
2026-03-08 14:24:47.481 [info] > git for-each-ref --format=%(refname)%00%(upstream:short)%00%(objectname)%00%(upstream:track)%00%(upstream:remotename)%00%(upstream:remoteref) refs/heads/main refs/remotes/main [15ms]
2026-03-08 14:24:47.523 [info] > git for-each-ref --sort -committerdate --format %(refname)%00%(objectname)%00%(*objectname) [20ms]
2026-03-08 14:24:47.531 [info] > git status -z -uall [39ms]
2026-03-08 14:24:52.623 [info] > git config --get commit.template [17ms]
2026-03-08 14:24:52.636 [info] > git for-each-ref --format=%(refname)%00%(upstream:short)%00%(objectname)%00%(upstream:track)%00%(upstream:remotename)%00%(upstream:remoteref) refs/heads/main refs/remotes/main [18ms]
2026-03-08 14:24:52.685 [info] > git status -z -uall [38ms]
2026-03-08 14:24:52.691 [info] > git for-each-ref --sort -committerdate --format %(refname)%00%(objectname)%00%(*objectname) [23ms]
2026-03-08 14:25:30.210 [info] > git for-each-ref --format=%(refname)%00%(upstream:short)%00%(objectname)%00%(upstream:track)%00%(upstream:remotename)%00%(upstream:remoteref) refs/heads/main refs/remotes/main [39ms]
2026-03-08 14:25:30.236 [info] > git config --get commit.template [92ms]
2026-03-08 14:25:30.334 [info] > git status -z -uall [82ms]
2026-03-08 14:25:30.352 [info] > git for-each-ref --sort -committerdate --format %(refname)%00%(objectname)%00%(*objectname) [57ms]
2026-03-08 14:25:36.550 [info] > git config --get commit.template [35ms]
2026-03-08 14:25:36.584 [info] > git for-each-ref --format=%(refname)%00%(upstream:short)%00%(objectname)%00%(upstream:track)%00%(upstream:remotename)%00%(upstream:remoteref) refs/heads/main refs/remotes/main [47ms]
2026-03-08 14:25:36.807 [info] > git for-each-ref --sort -committerdate --format %(refname)%00%(objectname)%00%(*objectname) [100ms]
2026-03-08 14:25:36.834 [info] > git status -z -uall [192ms]
2026-03-08 14:25:41.904 [info] > git config --get commit.template [37ms]
2026-03-08 14:25:41.906 [info] > git for-each-ref --format=%(refname)%00%(upstream:short)%00%(objectname)%00%(upstream:track)%00%(upstream:remotename)%00%(upstream:remoteref) refs/heads/main refs/remotes/main [26ms]
2026-03-08 14:25:41.945 [info] > git status -z -uall [28ms]
2026-03-08 14:25:41.949 [info] > git for-each-ref --sort -committerdate --format %(refname)%00%(objectname)%00%(*objectname) [21ms]
2026-03-08 14:25:46.992 [info] > git config --get commit.template [19ms]
2026-03-08 14:25:47.003 [info] > git for-each-ref --format=%(refname)%00%(upstream:short)%00%(objectname)%00%(upstream:track)%00%(upstream:remotename)%00%(upstream:remoteref) refs/heads/main refs/remotes/main [14ms]
2026-03-08 14:25:47.073 [info] > git for-each-ref --sort -committerdate --format %(refname)%00%(objectname)%00%(*objectname) [27ms]
2026-03-08 14:25:47.079 [info] > git status -z -uall [56ms]
2026-03-08 14:25:52.188 [info] > git config --get commit.template [67ms]
2026-03-08 14:25:52.230 [info] > git for-each-ref --format=%(refname)%00%(upstream:short)%00%(objectname)%00%(upstream:track)%00%(upstream:remotename)%00%(upstream:remoteref) refs/heads/main refs/remotes/main [77ms]
2026-03-08 14:25:52.383 [info] > git for-each-ref --sort -committerdate --format %(refname)%00%(objectname)%00%(*objectname) [92ms]
2026-03-08 14:25:52.413 [info] > git status -z -uall [153ms]
2026-03-08 14:25:57.511 [info] > git config --get commit.template [18ms]
2026-03-08 14:25:57.526 [info] > git for-each-ref --format=%(refname)%00%(upstream:short)%00%(objectname)%00%(upstream:track)%00%(upstream:remotename)%00%(upstream:remoteref) refs/heads/main refs/remotes/main [18ms]
2026-03-08 14:25:57.568 [info] > git status -z -uall [31ms]
2026-03-08 14:25:57.568 [info] > git for-each-ref --sort -committerdate --format %(refname)%00%(objectname)%00%(*objectname) [19ms]
2026-03-08 14:26:02.638 [info] > git config --get commit.template [27ms]
2026-03-08 14:26:02.647 [info] > git for-each-ref --format=%(refname)%00%(upstream:short)%00%(objectname)%00%(upstream:track)%00%(upstream:remotename)%00%(upstream:remoteref) refs/heads/main refs/remotes/main [12ms]
2026-03-08 14:26:02.695 [info] > git for-each-ref --sort -committerdate --format %(refname)%00%(objectname)%00%(*objectname) [22ms]
2026-03-08 14:26:02.704 [info] > git status -z -uall [44ms]
